C:\USERS\SVMC.TRAINING\DESKTOP\PROJECT\MARIO CLIMB\MARIO CLIMB\DEBUG\VC110.PDB
C:\USERS\SVMC.TRAINING\DESKTOP\PROJECT\MARIO CLIMB\MARIO CLIMB\DEBUG\MARIOCLIMB.OBJ
C:\USERS\SVMC.TRAINING\DESKTOP\PROJECT\MARIO CLIMB\DEBUG\MARIO CLIMB.ILK
C:\USERS\SVMC.TRAINING\DESKTOP\PROJECT\MARIO CLIMB\DEBUG\MARIO CLIMB.EXE
C:\USERS\SVMC.TRAINING\DESKTOP\PROJECT\MARIO CLIMB\DEBUG\MARIO CLIMB.PDB
C:\Users\svmc.training\Desktop\project\Mario Climb\Mario Climb\Debug\MarioClimb.obj
C:\Users\svmc.training\Desktop\project\Mario Climb\Mario Climb\Debug\cl.command.1.tlog
C:\Users\svmc.training\Desktop\project\Mario Climb\Mario Climb\Debug\CL.read.1.tlog
C:\Users\svmc.training\Desktop\project\Mario Climb\Mario Climb\Debug\CL.write.1.tlog
C:\Users\svmc.training\Desktop\project\Mario Climb\Mario Climb\Debug\link-cvtres.read.1.tlog
C:\Users\svmc.training\Desktop\project\Mario Climb\Mario Climb\Debug\link-cvtres.write.1.tlog
C:\Users\svmc.training\Desktop\project\Mario Climb\Mario Climb\Debug\link-rc.read.1.tlog
C:\Users\svmc.training\Desktop\project\Mario Climb\Mario Climb\Debug\link-rc.write.1.tlog
C:\Users\svmc.training\Desktop\project\Mario Climb\Mario Climb\Debug\link.command.1.tlog
C:\Users\svmc.training\Desktop\project\Mario Climb\Mario Climb\Debug\link.read.1.tlog
C:\Users\svmc.training\Desktop\project\Mario Climb\Mario Climb\Debug\link.write.1.tlog
C:\Users\svmc.training\Desktop\project\Mario Climb\Mario Climb\Debug\vc110.idb
C:\Users\svmc.training\Desktop\project\Mario Climb\Mario Climb\Debug\vc110.pdb
C:\Users\svmc.training\Desktop\project\Mario Climb\Debug\Mario Climb.pdb
C:\Users\svmc.training\Desktop\project\Mario Climb\Debug\Mario Climb.exe
C:\Users\svmc.training\Desktop\project\Mario Climb\Debug\Mario Climb.ilk
